<?xml version="1.0" encoding="UTF-8"?>
<!-- Generated by org.testng.reporters.JUnitReportReporter -->
<testsuite skipped="0" hostname="Prashants-MacBook-Air.local" name="scripts.LoginTest" tests="2" failures="0" timestamp="14 Feb 2019 20:45:49 GMT" time="77.922" errors="0">
  <testcase name="searchForItem" time="38.847" classname="scripts.LoginTest"/>
  <testcase name="checkLoginToEbay" time="39.075" classname="scripts.LoginTest"/>
</testsuite> <!-- scripts.LoginTest -->
