<?xml version="1.0" encoding="UTF-8"?>
<!-- Generated by org.testng.reporters.JUnitReportReporter -->
<testsuite skipped="0" hostname="Prashants-MacBook-Air.local" name="scripts.LoginTest" tests="2" failures="0" timestamp="17 Feb 2019 17:23:11 GMT" time="79.018" errors="0">
  <testcase name="searchForItem" time="38.808" classname="scripts.LoginTest"/>
  <testcase name="checkLoginToEbay" time="40.210" classname="scripts.LoginTest"/>
</testsuite> <!-- scripts.LoginTest -->
