<?xml version="1.0" encoding="UTF-8"?>
<!-- Generated by org.testng.reporters.JUnitReportReporter -->
<testsuite skipped="0" hostname="Prashants-MacBook-Air.local" name="scripts.LoginTest" tests="4" failures="0" timestamp="27 Feb 2019 21:40:13 GMT" time="73.524" errors="0">
  <testcase name="checkLoginToEbay" time="24.050" classname="scripts.LoginTest"/>
  <testcase name="searchForItem" time="43.252" classname="scripts.LoginTest"/>
  <testcase name="handleScreenResolution" time="0.173" classname="scripts.LoginTest"/>
  <testcase name="handleScreenRotation" time="6.049" classname="scripts.LoginTest"/>
</testsuite> <!-- scripts.LoginTest -->
